<?xml version="1.0" encoding="utf-8" standalone="no"?>
<!--This file represents the results of running a test suite-->
<test-results name="C:\Dev\scribestar\Scribestar.ET.Regression\Scribestar.ET.Regression\bin\Debug\Scribestar.ET.Regression.dll" total="1" errors="0" failures="0" not-run="0" inconclusive="0" ignored="0" skipped="0" invalid="0" date="2013-03-19" time="12:06:39">
  <environment nunit-version="2.6.2.12296" clr-version="2.0.50727.5466" os-version="Microsoft Windows NT 6.1.7601 Service Pack 1" platform="Win32NT" cwd="C:\Windows\system32" machine-name="YOMIFOLAMI" user="Yomi Folami" user-domain="YomiFolami" />
  <culture-info current-culture="en-GB" current-uiculture="en-US" />
  <test-suite type="Assembly" name="C:\Dev\scribestar\Scribestar.ET.Regression\Scribestar.ET.Regression\bin\Debug\Scribestar.ET.Regression.dll" executed="True" result="Success" success="True" time="74.017" asserts="0">
    <results>
      <test-suite type="Namespace" name="Scribestar" executed="True" result="Success" success="True" time="73.958" asserts="0">
        <results>
          <test-suite type="Namespace" name="ET" executed="True" result="Success" success="True" time="73.957" asserts="0">
            <results>
              <test-suite type="Namespace" name="Regression" executed="True" result="Success" success="True" time="73.956" asserts="0">
                <results>
                  <test-suite type="Namespace" name="Features" executed="True" result="Success" success="True" time="73.954" asserts="0">
                    <results>
                      <test-suite type="Namespace" name="Instance" executed="True" result="Success" success="True" time="73.953" asserts="0">
                        <results>
                          <test-suite type="TestFixture" name="LoginFeature" description="Login" executed="True" result="Success" success="True" time="73.919" asserts="0">
                            <results>
                              <test-case name="Scribestar.ET.Regression.Features.Instance.LoginFeature.AddTwoNumbers" description="Add two numbers" executed="True" result="Success" success="True" time="69.532" asserts="0">
                                <categories>
                                  <category name="mytag" />
                                </categories>
                              </test-case>
                            </results>
                          </test-suite>
                        </results>
                      </test-suite>
                    </results>
                  </test-suite>
                </results>
              </test-suite>
            </results>
          </test-suite>
        </results>
      </test-suite>
    </results>
  </test-suite>
</test-results>